<?xml version="1.0" encoding="UTF-8"?>
<testng-results ignored="0" total="1" passed="1" failed="0" skipped="0">
  <reporter-output>
  </reporter-output>
  <suite started-at="2023-06-04T21:18:37 IST" name="Default suite" finished-at="2023-06-04T21:18:48 IST" duration-ms="11730">
    <groups>
    </groups>
    <test started-at="2023-06-04T21:18:37 IST" name="Default test" finished-at="2023-06-04T21:18:48 IST" duration-ms="11730">
      <class name="Screener.Selenium4Project.TestCases.VerifySearchForStockName">
        <test-method is-config="true" signature="setup()[pri:0, instance:Screener.Selenium4Project.TestCases.VerifySearchForStockName@645aa696]" started-at="2023-06-04T21:18:37 IST" name="setup" finished-at="2023-06-04T21:18:42 IST" duration-ms="5112" status="PASS">
          <reporter-output>
          </reporter-output>
        </test-method> <!-- setup -->
        <test-method signature="verifyTitle()[pri:0, instance:Screener.Selenium4Project.TestCases.VerifySearchForStockName@645aa696]" started-at="2023-06-04T21:18:42 IST" name="verifyTitle" finished-at="2023-06-04T21:18:47 IST" duration-ms="5012" status="PASS">
          <reporter-output>
          </reporter-output>
        </test-method> <!-- verifyTitle -->
        <test-method is-config="true" signature="Browser()[pri:0, instance:Screener.Selenium4Project.TestCases.VerifySearchForStockName@645aa696]" started-at="2023-06-04T21:18:47 IST" name="Browser" finished-at="2023-06-04T21:18:48 IST" duration-ms="1554" status="PASS">
          <reporter-output>
          </reporter-output>
        </test-method> <!-- Browser -->
      </class> <!-- Screener.Selenium4Project.TestCases.VerifySearchForStockName -->
    </test> <!-- Default test -->
  </suite> <!-- Default suite -->
</testng-results>
